Arguments: 
  /home/sam/.nvm/versions/node/v6.7.0/bin/node /home/sam/.nvm/versions/node/v6.7.0/bin/yarn init

PATH: 
  /home/sam/.nvm/versions/node/v6.7.0/bin:/home/sam/.cabal/bin:/opt/cabal/1.22/bin:/opt/ghc/7.10.3/bin:/home/sam/.local/bin:/home/sam/opt/factor/factor/factor:/home/sam/perl5/bin:~/bin:/home/sam/.rvm/gems/ruby-2.5.0/bin:/home/sam/.rvm/gems/ruby-2.5.0@global/bin:/home/sam/.rvm/rubies/ruby-2.5.0/bin:/home/sam/.rvm/bin:/home/sam/bin:/usr/local/sbin:/usr/local/bin:/usr/sbin:/usr/bin:/sbin:/bin:/usr/games:/usr/local/games:/snap/bin:/home/sam/Muse:/home/sam/.rvm/bin:/home/sam/.fzf/bin:/home/sam/.rvm/bin

Yarn version: 
  1.13.0

Node version: 
  6.7.0

Platform: 
  linux x64

Trace: 
  Error: canceled
      at Interface.<anonymous> (/home/sam/.nvm/versions/node/v6.7.0/lib/node_modules/yarn/lib/cli.js:125657:13)
      at emitNone (events.js:86:13)
      at Interface.emit (events.js:185:7)
      at Interface._ttyWrite (readline.js:726:16)
      at ReadStream.onkeypress (readline.js:126:10)
      at emitTwo (events.js:106:13)
      at ReadStream.emit (events.js:191:7)
      at emitKeys (internal/readline.js:389:14)
      at next (native)
      at ReadStream.onData (readline.js:972:36)

npm manifest: 
  No manifest

yarn manifest: 
  No manifest

Lockfile: 
  No lockfile
